<?xml version="1.0" encoding="UTF-8"?>
<!-- Generated by org.testng.reporters.JUnitReportReporter -->
<testsuite hostname="Rodrigo-Bonifacios-MacBook.local" name="org.softlang.model.Company_JML_Test" tests="12" failures="0" timestamp="21 Aug 2012 14:42:30 GMT" time="0.066" errors="0">
  <testcase name="test_addDepartment__Department_department__19" time="0.001" classname="org.softlang.model.Company_JML_Test"/>
  <testcase name="test_getDepts__0" time="0.001" classname="org.softlang.model.Company_JML_Test"/>
  <testcase name="test_Company__String_pname__10" time="0.001" classname="org.softlang.model.Company_JML_Test"/>
  <testcase name="test_total__0" time="0.001" classname="org.softlang.model.Company_JML_Test"/>
  <testcase name="test_addDepartment__Department_department__19" time="0.001" classname="org.softlang.model.Company_JML_Test"/>
  <testcase name="test_setName__String_pname__10" time="0.001" classname="org.softlang.model.Company_JML_Test"/>
  <testcase name="test_Company__String_pname__10" time="0.001" classname="org.softlang.model.Company_JML_Test"/>
  <testcase name="test_getName__0" time="0.001" classname="org.softlang.model.Company_JML_Test"/>
  <testcase name="test_cut__0" time="0.001" classname="org.softlang.model.Company_JML_Test"/>
  <testcase name="test_setName__String_pname__10" time="0.001" classname="org.softlang.model.Company_JML_Test"/>
  <testcase name="test_racEnabled" time="0.054" classname="org.softlang.model.Company_JML_Test"/>
  <testcase name="test_Company__0" time="0.002" classname="org.softlang.model.Company_JML_Test"/>
</testsuite> <!-- org.softlang.model.Company_JML_Test -->
