<?xml version="1.0" encoding="UTF-8"?>
<!-- Generated by org.testng.reporters.JUnitReportReporter -->
<testsuite hostname="Rodrigo-Bonifacios-MacBook.local" name="org.softlang.model.Employee_JML_Test" tests="157" failures="0" timestamp="21 Aug 2012 14:42:29 GMT" time="0.247" errors="0">
  <testcase name="test_setName__String_pname__10" time="0.000" classname="org.softlang.model.Employee_JML_Test"/>
  <testcase name="test_Employee__String_pname__String_paddress__double_psalary__20" time="0.000" classname="org.softlang.model.Employee_JML_Test"/>
  <testcase name="test_setName__String_pname__10" time="0.000" classname="org.softlang.model.Employee_JML_Test"/>
  <testcase name="test_setAddress__String_paddress__10" time="0.000" classname="org.softlang.model.Employee_JML_Test"/>
  <testcase name="test_getSalary__0" time="0.000" classname="org.softlang.model.Employee_JML_Test"/>
  <testcase name="test_setSalary__double_psalary__0" time="0.001" classname="org.softlang.model.Employee_JML_Test"/>
  <testcase name="test_getName__0" time="0.001" classname="org.softlang.model.Employee_JML_Test"/>
  <testcase name="test_setAddress__String_paddress__10" time="0.000" classname="org.softlang.model.Employee_JML_Test"/>
  <testcase name="test_getName__0" time="0.001" classname="org.softlang.model.Employee_JML_Test"/>
  <testcase name="test_getSalary__0" time="0.000" classname="org.softlang.model.Employee_JML_Test"/>
  <testcase name="test_getAddress__0" time="0.000" classname="org.softlang.model.Employee_JML_Test"/>
  <testcase name="test_getName__0" time="0.001" classname="org.softlang.model.Employee_JML_Test"/>
  <testcase name="test_setAddress__String_paddress__10" time="0.000" classname="org.softlang.model.Employee_JML_Test"/>
  <testcase name="test_setAddress__String_paddress__10" time="0.000" classname="org.softlang.model.Employee_JML_Test"/>
  <testcase name="test_cut__0" time="0.001" classname="org.softlang.model.Employee_JML_Test"/>
  <testcase name="test_cut__0" time="0.026" classname="org.softlang.model.Employee_JML_Test"/>
  <testcase name="test_getAddress__0" time="0.001" classname="org.softlang.model.Employee_JML_Test"/>
  <testcase name="test_getAddress__0" time="0.001" classname="org.softlang.model.Employee_JML_Test"/>
  <testcase name="test_setSalary__double_psalary__0" time="0.000" classname="org.softlang.model.Employee_JML_Test"/>
  <testcase name="test_setName__String_pname__10" time="0.001" classname="org.softlang.model.Employee_JML_Test"/>
  <testcase name="test_setSalary__double_psalary__0" time="0.000" classname="org.softlang.model.Employee_JML_Test"/>
  <testcase name="test_setName__String_pname__10" time="0.001" classname="org.softlang.model.Employee_JML_Test"/>
  <testcase name="test_setName__String_pname__10" time="0.000" classname="org.softlang.model.Employee_JML_Test"/>
  <testcase name="test_Employee__String_pname__String_paddress__double_psalary__20" time="0.000" classname="org.softlang.model.Employee_JML_Test"/>
  <testcase name="test_setSalary__double_psalary__0" time="0.028" classname="org.softlang.model.Employee_JML_Test"/>
  <testcase name="test_getName__0" time="0.000" classname="org.softlang.model.Employee_JML_Test"/>
  <testcase name="test_setSalary__double_psalary__0" time="0.000" classname="org.softlang.model.Employee_JML_Test"/>
  <testcase name="test_setName__String_pname__10" time="0.000" classname="org.softlang.model.Employee_JML_Test"/>
  <testcase name="test_setAddress__String_paddress__10" time="0.000" classname="org.softlang.model.Employee_JML_Test"/>
  <testcase name="test_setAddress__String_paddress__10" time="0.000" classname="org.softlang.model.Employee_JML_Test"/>
  <testcase name="test_getSalary__0" time="0.001" classname="org.softlang.model.Employee_JML_Test"/>
  <testcase name="test_getAddress__0" time="0.001" classname="org.softlang.model.Employee_JML_Test"/>
  <testcase name="test_setAddress__String_paddress__10" time="0.002" classname="org.softlang.model.Employee_JML_Test"/>
  <testcase name="test_setSalary__double_psalary__0" time="0.022" classname="org.softlang.model.Employee_JML_Test"/>
  <testcase name="test_setName__String_pname__10" time="0.000" classname="org.softlang.model.Employee_JML_Test"/>
  <testcase name="test_cut__0" time="0.001" classname="org.softlang.model.Employee_JML_Test"/>
  <testcase name="test_cut__0" time="0.001" classname="org.softlang.model.Employee_JML_Test"/>
  <testcase name="test_setName__String_pname__10" time="0.000" classname="org.softlang.model.Employee_JML_Test"/>
  <testcase name="test_setName__String_pname__10" time="0.001" classname="org.softlang.model.Employee_JML_Test"/>
  <testcase name="test_Employee__String_pname__String_paddress__double_psalary__20" time="0.001" classname="org.softlang.model.Employee_JML_Test"/>
  <testcase name="test_setName__String_pname__10" time="0.001" classname="org.softlang.model.Employee_JML_Test"/>
  <testcase name="test_setSalary__double_psalary__0" time="0.001" classname="org.softlang.model.Employee_JML_Test"/>
  <testcase name="test_setName__String_pname__10" time="0.001" classname="org.softlang.model.Employee_JML_Test"/>
  <testcase name="test_setName__String_pname__10" time="0.036" classname="org.softlang.model.Employee_JML_Test"/>
  <testcase name="test_setAddress__String_paddress__10" time="0.001" classname="org.softlang.model.Employee_JML_Test"/>
  <testcase name="test_setSalary__double_psalary__0" time="0.000" classname="org.softlang.model.Employee_JML_Test"/>
  <testcase name="test_getSalary__0" time="0.001" classname="org.softlang.model.Employee_JML_Test"/>
  <testcase name="test_cut__0" time="0.000" classname="org.softlang.model.Employee_JML_Test"/>
  <testcase name="test_Employee__String_pname__String_paddress__double_psalary__20" time="0.001" classname="org.softlang.model.Employee_JML_Test"/>
  <testcase name="test_setSalary__double_psalary__0" time="0.000" classname="org.softlang.model.Employee_JML_Test"/>
  <testcase name="test_setName__String_pname__10" time="0.000" classname="org.softlang.model.Employee_JML_Test"/>
  <testcase name="test_setName__String_pname__10" time="0.000" classname="org.softlang.model.Employee_JML_Test"/>
  <testcase name="test_setName__String_pname__10" time="0.001" classname="org.softlang.model.Employee_JML_Test"/>
  <testcase name="test_getAddress__0" time="0.000" classname="org.softlang.model.Employee_JML_Test"/>
  <testcase name="test_getSalary__0" time="0.001" classname="org.softlang.model.Employee_JML_Test"/>
  <testcase name="test_setAddress__String_paddress__10" time="0.000" classname="org.softlang.model.Employee_JML_Test"/>
  <testcase name="test_setSalary__double_psalary__0" time="0.000" classname="org.softlang.model.Employee_JML_Test"/>
  <testcase name="test_cut__0" time="0.001" classname="org.softlang.model.Employee_JML_Test"/>
  <testcase name="test_Employee__String_pname__String_paddress__double_psalary__20" time="0.000" classname="org.softlang.model.Employee_JML_Test"/>
  <testcase name="test_setName__String_pname__10" time="0.001" classname="org.softlang.model.Employee_JML_Test"/>
  <testcase name="test_Employee__String_pname__String_paddress__double_psalary__20" time="0.000" classname="org.softlang.model.Employee_JML_Test"/>
  <testcase name="test_setSalary__double_psalary__0" time="0.000" classname="org.softlang.model.Employee_JML_Test"/>
  <testcase name="test_setSalary__double_psalary__0" time="0.002" classname="org.softlang.model.Employee_JML_Test"/>
  <testcase name="test_getName__0" time="0.001" classname="org.softlang.model.Employee_JML_Test"/>
  <testcase name="test_setName__String_pname__10" time="0.001" classname="org.softlang.model.Employee_JML_Test"/>
  <testcase name="test_setSalary__double_psalary__0" time="0.001" classname="org.softlang.model.Employee_JML_Test"/>
  <testcase name="test_Employee__String_pname__String_paddress__double_psalary__20" time="0.001" classname="org.softlang.model.Employee_JML_Test"/>
  <testcase name="test_setAddress__String_paddress__10" time="0.000" classname="org.softlang.model.Employee_JML_Test"/>
  <testcase name="test_getAddress__0" time="0.000" classname="org.softlang.model.Employee_JML_Test"/>
  <testcase name="test_Employee__String_pname__String_paddress__double_psalary__20" time="0.001" classname="org.softlang.model.Employee_JML_Test"/>
  <testcase name="test_setName__String_pname__10" time="0.001" classname="org.softlang.model.Employee_JML_Test"/>
  <testcase name="test_setAddress__String_paddress__10" time="0.001" classname="org.softlang.model.Employee_JML_Test"/>
  <testcase name="test_getSalary__0" time="0.000" classname="org.softlang.model.Employee_JML_Test"/>
  <testcase name="test_getAddress__0" time="0.000" classname="org.softlang.model.Employee_JML_Test"/>
  <testcase name="test_getName__0" time="0.000" classname="org.softlang.model.Employee_JML_Test"/>
  <testcase name="test_setAddress__String_paddress__10" time="0.001" classname="org.softlang.model.Employee_JML_Test"/>
  <testcase name="test_setSalary__double_psalary__0" time="0.001" classname="org.softlang.model.Employee_JML_Test"/>
  <testcase name="test_setName__String_pname__10" time="0.001" classname="org.softlang.model.Employee_JML_Test"/>
  <testcase name="test_setSalary__double_psalary__0" time="0.001" classname="org.softlang.model.Employee_JML_Test"/>
  <testcase name="test_setAddress__String_paddress__10" time="0.000" classname="org.softlang.model.Employee_JML_Test"/>
  <testcase name="test_setAddress__String_paddress__10" time="0.000" classname="org.softlang.model.Employee_JML_Test"/>
  <testcase name="test_getSalary__0" time="0.001" classname="org.softlang.model.Employee_JML_Test"/>
  <testcase name="test_Employee__String_pname__String_paddress__double_psalary__20" time="0.001" classname="org.softlang.model.Employee_JML_Test"/>
  <testcase name="test_getAddress__0" time="0.044" classname="org.softlang.model.Employee_JML_Test"/>
  <testcase name="test_setSalary__double_psalary__0" time="0.000" classname="org.softlang.model.Employee_JML_Test"/>
  <testcase name="test_setName__String_pname__10" time="0.001" classname="org.softlang.model.Employee_JML_Test"/>
  <testcase name="test_setAddress__String_paddress__10" time="0.001" classname="org.softlang.model.Employee_JML_Test"/>
  <testcase name="test_setName__String_pname__10" time="0.001" classname="org.softlang.model.Employee_JML_Test"/>
  <testcase name="test_setSalary__double_psalary__0" time="0.001" classname="org.softlang.model.Employee_JML_Test"/>
  <testcase name="test_getName__0" time="0.000" classname="org.softlang.model.Employee_JML_Test"/>
  <testcase name="test_setAddress__String_paddress__10" time="0.001" classname="org.softlang.model.Employee_JML_Test"/>
  <testcase name="test_setName__String_pname__10" time="0.000" classname="org.softlang.model.Employee_JML_Test"/>
  <testcase name="test_Employee__String_pname__String_paddress__double_psalary__20" time="0.000" classname="org.softlang.model.Employee_JML_Test"/>
  <testcase name="test_setAddress__String_paddress__10" time="0.001" classname="org.softlang.model.Employee_JML_Test"/>
  <testcase name="test_setSalary__double_psalary__0" time="0.000" classname="org.softlang.model.Employee_JML_Test"/>
  <testcase name="test_cut__0" time="0.001" classname="org.softlang.model.Employee_JML_Test"/>
  <testcase name="test_getName__0" time="0.001" classname="org.softlang.model.Employee_JML_Test"/>
  <testcase name="test_setAddress__String_paddress__10" time="0.001" classname="org.softlang.model.Employee_JML_Test"/>
  <testcase name="test_setSalary__double_psalary__0" time="0.000" classname="org.softlang.model.Employee_JML_Test"/>
  <testcase name="test_setAddress__String_paddress__10" time="0.001" classname="org.softlang.model.Employee_JML_Test"/>
  <testcase name="test_setName__String_pname__10" time="0.001" classname="org.softlang.model.Employee_JML_Test"/>
  <testcase name="test_setSalary__double_psalary__0" time="0.001" classname="org.softlang.model.Employee_JML_Test"/>
  <testcase name="test_setSalary__double_psalary__0" time="0.000" classname="org.softlang.model.Employee_JML_Test"/>
  <testcase name="test_setSalary__double_psalary__0" time="0.000" classname="org.softlang.model.Employee_JML_Test"/>
  <testcase name="test_setSalary__double_psalary__0" time="0.000" classname="org.softlang.model.Employee_JML_Test"/>
  <testcase name="test_Employee__String_pname__String_paddress__double_psalary__20" time="0.001" classname="org.softlang.model.Employee_JML_Test"/>
  <testcase name="test_setSalary__double_psalary__0" time="0.001" classname="org.softlang.model.Employee_JML_Test"/>
  <testcase name="test_getName__0" time="0.001" classname="org.softlang.model.Employee_JML_Test"/>
  <testcase name="test_setSalary__double_psalary__0" time="0.000" classname="org.softlang.model.Employee_JML_Test"/>
  <testcase name="test_setSalary__double_psalary__0" time="0.001" classname="org.softlang.model.Employee_JML_Test"/>
  <testcase name="test_getName__0" time="0.001" classname="org.softlang.model.Employee_JML_Test"/>
  <testcase name="test_getAddress__0" time="0.001" classname="org.softlang.model.Employee_JML_Test"/>
  <testcase name="test_Employee__0" time="0.000" classname="org.softlang.model.Employee_JML_Test"/>
  <testcase name="test_cut__0" time="0.001" classname="org.softlang.model.Employee_JML_Test"/>
  <testcase name="test_setSalary__double_psalary__0" time="0.001" classname="org.softlang.model.Employee_JML_Test"/>
  <testcase name="test_getName__0" time="0.000" classname="org.softlang.model.Employee_JML_Test"/>
  <testcase name="test_setSalary__double_psalary__0" time="0.000" classname="org.softlang.model.Employee_JML_Test"/>
  <testcase name="test_setSalary__double_psalary__0" time="0.001" classname="org.softlang.model.Employee_JML_Test"/>
  <testcase name="test_setSalary__double_psalary__0" time="0.001" classname="org.softlang.model.Employee_JML_Test"/>
  <testcase name="test_setSalary__double_psalary__0" time="0.000" classname="org.softlang.model.Employee_JML_Test"/>
  <testcase name="test_setAddress__String_paddress__10" time="0.000" classname="org.softlang.model.Employee_JML_Test"/>
  <testcase name="test_setSalary__double_psalary__0" time="0.000" classname="org.softlang.model.Employee_JML_Test"/>
  <testcase name="test_racEnabled" time="0.010" classname="org.softlang.model.Employee_JML_Test"/>
  <testcase name="test_setAddress__String_paddress__10" time="0.000" classname="org.softlang.model.Employee_JML_Test"/>
  <testcase name="test_setName__String_pname__10" time="0.000" classname="org.softlang.model.Employee_JML_Test"/>
  <testcase name="test_getAddress__0" time="0.001" classname="org.softlang.model.Employee_JML_Test"/>
  <testcase name="test_setSalary__double_psalary__0" time="0.001" classname="org.softlang.model.Employee_JML_Test"/>
  <testcase name="test_getName__0" time="0.000" classname="org.softlang.model.Employee_JML_Test"/>
  <testcase name="test_setAddress__String_paddress__10" time="0.000" classname="org.softlang.model.Employee_JML_Test"/>
  <testcase name="test_setSalary__double_psalary__0" time="0.001" classname="org.softlang.model.Employee_JML_Test"/>
  <testcase name="test_setAddress__String_paddress__10" time="0.001" classname="org.softlang.model.Employee_JML_Test"/>
  <testcase name="test_cut__0" time="0.001" classname="org.softlang.model.Employee_JML_Test"/>
  <testcase name="test_Employee__String_pname__String_paddress__double_psalary__20" time="0.000" classname="org.softlang.model.Employee_JML_Test"/>
  <testcase name="test_getAddress__0" time="0.000" classname="org.softlang.model.Employee_JML_Test"/>
  <testcase name="test_getSalary__0" time="0.000" classname="org.softlang.model.Employee_JML_Test"/>
  <testcase name="test_setSalary__double_psalary__0" time="0.001" classname="org.softlang.model.Employee_JML_Test"/>
  <testcase name="test_setSalary__double_psalary__0" time="0.001" classname="org.softlang.model.Employee_JML_Test"/>
  <testcase name="test_setSalary__double_psalary__0" time="0.000" classname="org.softlang.model.Employee_JML_Test"/>
  <testcase name="test_setSalary__double_psalary__0" time="0.000" classname="org.softlang.model.Employee_JML_Test"/>
  <testcase name="test_setAddress__String_paddress__10" time="0.001" classname="org.softlang.model.Employee_JML_Test"/>
  <testcase name="test_getSalary__0" time="0.000" classname="org.softlang.model.Employee_JML_Test"/>
  <testcase name="test_cut__0" time="0.001" classname="org.softlang.model.Employee_JML_Test"/>
  <testcase name="test_cut__0" time="0.001" classname="org.softlang.model.Employee_JML_Test"/>
  <testcase name="test_getAddress__0" time="0.001" classname="org.softlang.model.Employee_JML_Test"/>
  <testcase name="test_getSalary__0" time="0.000" classname="org.softlang.model.Employee_JML_Test"/>
  <testcase name="test_getAddress__0" time="0.001" classname="org.softlang.model.Employee_JML_Test"/>
  <testcase name="test_setName__String_pname__10" time="0.000" classname="org.softlang.model.Employee_JML_Test"/>
  <testcase name="test_getSalary__0" time="0.001" classname="org.softlang.model.Employee_JML_Test"/>
  <testcase name="test_cut__0" time="0.001" classname="org.softlang.model.Employee_JML_Test"/>
  <testcase name="test_setName__String_pname__10" time="0.000" classname="org.softlang.model.Employee_JML_Test"/>
  <testcase name="test_getName__0" time="0.000" classname="org.softlang.model.Employee_JML_Test"/>
  <testcase name="test_setSalary__double_psalary__0" time="0.001" classname="org.softlang.model.Employee_JML_Test"/>
  <testcase name="test_getSalary__0" time="0.000" classname="org.softlang.model.Employee_JML_Test"/>
  <testcase name="test_setAddress__String_paddress__10" time="0.000" classname="org.softlang.model.Employee_JML_Test"/>
  <testcase name="test_cut__0" time="0.001" classname="org.softlang.model.Employee_JML_Test"/>
  <testcase name="test_setAddress__String_paddress__10" time="0.001" classname="org.softlang.model.Employee_JML_Test"/>
  <testcase name="test_getSalary__0" time="0.000" classname="org.softlang.model.Employee_JML_Test"/>
</testsuite> <!-- org.softlang.model.Employee_JML_Test -->
