<?xml version="1.0" encoding="UTF-8"?>
<!-- Generated by org.testng.reporters.JUnitReportReporter -->
<testsuite hostname="Rodrigo-Bonifacios-MacBook.local" name="org.softlang.model.Department_JML_Test" tests="76" failures="4" timestamp="21 Aug 2012 14:42:30 GMT" time="0.079" errors="0">
  <testcase name="test_setName__String_pname__10" time="0.001" classname="org.softlang.model.Department_JML_Test"/>
  <testcase name="test_addEmployee__Employee_employee__19" time="0.001" classname="org.softlang.model.Department_JML_Test"/>
  <testcase name="test_addEmployee__Employee_employee__19" time="0.001" classname="org.softlang.model.Department_JML_Test"/>
  <testcase name="test_setName__String_pname__10" time="0.001" classname="org.softlang.model.Department_JML_Test"/>
  <testcase name="test_getEmployees__0" time="0.001" classname="org.softlang.model.Department_JML_Test"/>
  <testcase name="test_setManager__Employee_pmanager__19" time="0.000" classname="org.softlang.model.Department_JML_Test"/>
  <testcase name="test_getEmployees__0" time="0.001" classname="org.softlang.model.Department_JML_Test"/>
  <testcase name="test_getEmployees__0" time="0.001" classname="org.softlang.model.Department_JML_Test"/>
  <testcase name="test_addDept__Department_department__19" time="0.001" classname="org.softlang.model.Department_JML_Test"/>
  <testcase name="test_addEmployee__Employee_employee__19" time="0.001" classname="org.softlang.model.Department_JML_Test"/>
  <testcase name="test_getSubdepts__0" time="0.000" classname="org.softlang.model.Department_JML_Test"/>
  <testcase name="test_setManager__Employee_pmanager__19" time="0.001" classname="org.softlang.model.Department_JML_Test"/>
  <testcase name="test_setManager__Employee_pmanager__19" time="0.001" classname="org.softlang.model.Department_JML_Test"/>
  <testcase name="test_cut__0" time="0.002" classname="org.softlang.model.Department_JML_Test">
    <failure type="org.testng.TestException" message="
null">
      <![CDATA[org.testng.TestException: 
null
	at org.softlang.model.Department_JML_Test.test_cut__0(Department_JML_Test.java:495)
	at sun.reflect.NativeMethodAccessorImpl.invoke0(Native Method)
	at sun.reflect.NativeMethodAccessorImpl.invoke(NativeMethodAccessorImpl.java:57)
	at sun.reflect.DelegatingMethodAccessorImpl.invoke(DelegatingMethodAccessorImpl.java:43)
	at java.lang.reflect.Method.invoke(Method.java:601)
	at org.testng.internal.MethodInvocationHelper.invokeMethod(MethodInvocationHelper.java:80)
	at org.testng.internal.Invoker.invokeMethod(Invoker.java:715)
	at org.testng.internal.Invoker.invokeTestMethod(Invoker.java:907)
	at org.testng.internal.Invoker.invokeTestMethods(Invoker.java:1237)
	at org.testng.internal.TestMethodWorker.invokeTestMethods(TestMethodWorker.java:127)
	at org.testng.internal.TestMethodWorker.run(TestMethodWorker.java:111)
	at org.testng.TestRunner.privateRun(TestRunner.java:767)
	at org.testng.TestRunner.run(TestRunner.java:617)
	at org.testng.SuiteRunner.runTest(SuiteRunner.java:334)
	at org.testng.SuiteRunner.runSequentially(SuiteRunner.java:329)
	at org.testng.SuiteRunner.privateRun(SuiteRunner.java:291)
	at org.testng.SuiteRunner.run(SuiteRunner.java:240)
	at org.testng.SuiteRunnerWorker.runSuite(SuiteRunnerWorker.java:51)
	at org.testng.SuiteRunnerWorker.run(SuiteRunnerWorker.java:85)
	at org.testng.TestNG.runSuitesSequentially(TestNG.java:1197)
	at org.testng.TestNG.runSuitesLocally(TestNG.java:1122)
	at org.testng.TestNG.run(TestNG.java:1030)
	at org.testng.TestNG.privateMain(TestNG.java:1337)
	at org.testng.TestNG.main(TestNG.java:1306)
]]>
    </failure>
  </testcase> <!-- test_cut__0 -->
  <testcase name="test_Department__String_pname__Employee_pmanager__29" time="0.001" classname="org.softlang.model.Department_JML_Test"/>
  <testcase name="test_setName__String_pname__10" time="0.001" classname="org.softlang.model.Department_JML_Test"/>
  <testcase name="test_addDept__Department_department__19" time="0.001" classname="org.softlang.model.Department_JML_Test"/>
  <testcase name="test_addEmployee__Employee_employee__19" time="0.001" classname="org.softlang.model.Department_JML_Test"/>
  <testcase name="test_cut__0" time="0.002" classname="org.softlang.model.Department_JML_Test"/>
  <testcase name="test_addDept__Department_department__19" time="0.001" classname="org.softlang.model.Department_JML_Test"/>
  <testcase name="test_setManager__Employee_pmanager__19" time="0.001" classname="org.softlang.model.Department_JML_Test"/>
  <testcase name="test_getManager__0" time="0.001" classname="org.softlang.model.Department_JML_Test"/>
  <testcase name="test_addDept__Department_department__19" time="0.001" classname="org.softlang.model.Department_JML_Test"/>
  <testcase name="test_Department__String_pname__Employee_pmanager__29" time="0.001" classname="org.softlang.model.Department_JML_Test"/>
  <testcase name="test_setManager__Employee_pmanager__19" time="0.000" classname="org.softlang.model.Department_JML_Test"/>
  <testcase name="test_getSubdepts__0" time="0.001" classname="org.softlang.model.Department_JML_Test"/>
  <testcase name="test_Department__String_pname__Employee_pmanager__29" time="0.001" classname="org.softlang.model.Department_JML_Test"/>
  <testcase name="test_getSubdepts__0" time="0.001" classname="org.softlang.model.Department_JML_Test"/>
  <testcase name="test_addEmployee__Employee_employee__19" time="0.001" classname="org.softlang.model.Department_JML_Test"/>
  <testcase name="test_setManager__Employee_pmanager__19" time="0.001" classname="org.softlang.model.Department_JML_Test"/>
  <testcase name="test_getName__0" time="0.001" classname="org.softlang.model.Department_JML_Test"/>
  <testcase name="test_getManager__0" time="0.001" classname="org.softlang.model.Department_JML_Test"/>
  <testcase name="test_addEmployee__Employee_employee__19" time="0.001" classname="org.softlang.model.Department_JML_Test"/>
  <testcase name="test_addDept__Department_department__19" time="0.001" classname="org.softlang.model.Department_JML_Test"/>
  <testcase name="test_getManager__0" time="0.001" classname="org.softlang.model.Department_JML_Test"/>
  <testcase name="test_addDept__Department_department__19" time="0.001" classname="org.softlang.model.Department_JML_Test"/>
  <testcase name="test_total__0" time="0.001" classname="org.softlang.model.Department_JML_Test"/>
  <testcase name="test_setName__String_pname__10" time="0.000" classname="org.softlang.model.Department_JML_Test"/>
  <testcase name="test_getSubdepts__0" time="0.001" classname="org.softlang.model.Department_JML_Test"/>
  <testcase name="test_addEmployee__Employee_employee__19" time="0.000" classname="org.softlang.model.Department_JML_Test"/>
  <testcase name="test_addEmployee__Employee_employee__19" time="0.000" classname="org.softlang.model.Department_JML_Test"/>
  <testcase name="test_addDept__Department_department__19" time="0.004" classname="org.softlang.model.Department_JML_Test"/>
  <testcase name="test_cut__0" time="0.001" classname="org.softlang.model.Department_JML_Test">
    <failure type="org.testng.TestException" message="
null">
      <![CDATA[org.testng.TestException: 
null
	at org.softlang.model.Department_JML_Test.test_cut__0(Department_JML_Test.java:495)
	at sun.reflect.NativeMethodAccessorImpl.invoke0(Native Method)
	at sun.reflect.NativeMethodAccessorImpl.invoke(NativeMethodAccessorImpl.java:57)
	at sun.reflect.DelegatingMethodAccessorImpl.invoke(DelegatingMethodAccessorImpl.java:43)
	at java.lang.reflect.Method.invoke(Method.java:601)
	at org.testng.internal.MethodInvocationHelper.invokeMethod(MethodInvocationHelper.java:80)
	at org.testng.internal.Invoker.invokeMethod(Invoker.java:715)
	at org.testng.internal.Invoker.invokeTestMethod(Invoker.java:907)
	at org.testng.internal.Invoker.invokeTestMethods(Invoker.java:1237)
	at org.testng.internal.TestMethodWorker.invokeTestMethods(TestMethodWorker.java:127)
	at org.testng.internal.TestMethodWorker.run(TestMethodWorker.java:111)
	at org.testng.TestRunner.privateRun(TestRunner.java:767)
	at org.testng.TestRunner.run(TestRunner.java:617)
	at org.testng.SuiteRunner.runTest(SuiteRunner.java:334)
	at org.testng.SuiteRunner.runSequentially(SuiteRunner.java:329)
	at org.testng.SuiteRunner.privateRun(SuiteRunner.java:291)
	at org.testng.SuiteRunner.run(SuiteRunner.java:240)
	at org.testng.SuiteRunnerWorker.runSuite(SuiteRunnerWorker.java:51)
	at org.testng.SuiteRunnerWorker.run(SuiteRunnerWorker.java:85)
	at org.testng.TestNG.runSuitesSequentially(TestNG.java:1197)
	at org.testng.TestNG.runSuitesLocally(TestNG.java:1122)
	at org.testng.TestNG.run(TestNG.java:1030)
	at org.testng.TestNG.privateMain(TestNG.java:1337)
	at org.testng.TestNG.main(TestNG.java:1306)
]]>
    </failure>
  </testcase> <!-- test_cut__0 -->
  <testcase name="test_total__0" time="0.001" classname="org.softlang.model.Department_JML_Test"/>
  <testcase name="test_cut__0" time="0.003" classname="org.softlang.model.Department_JML_Test"/>
  <testcase name="test_setName__String_pname__10" time="0.001" classname="org.softlang.model.Department_JML_Test"/>
  <testcase name="test_setName__String_pname__10" time="0.001" classname="org.softlang.model.Department_JML_Test"/>
  <testcase name="test_addDept__Department_department__19" time="0.001" classname="org.softlang.model.Department_JML_Test"/>
  <testcase name="test_getSubdepts__0" time="0.000" classname="org.softlang.model.Department_JML_Test"/>
  <testcase name="test_Department__0" time="0.001" classname="org.softlang.model.Department_JML_Test"/>
  <testcase name="test_setManager__Employee_pmanager__19" time="0.001" classname="org.softlang.model.Department_JML_Test"/>
  <testcase name="test_Department__String_pname__Employee_pmanager__29" time="0.001" classname="org.softlang.model.Department_JML_Test"/>
  <testcase name="test_racEnabled" time="0.012" classname="org.softlang.model.Department_JML_Test"/>
  <testcase name="test_getEmployees__0" time="0.001" classname="org.softlang.model.Department_JML_Test"/>
  <testcase name="test_getEmployees__0" time="0.000" classname="org.softlang.model.Department_JML_Test"/>
  <testcase name="test_getName__0" time="0.000" classname="org.softlang.model.Department_JML_Test"/>
  <testcase name="test_setManager__Employee_pmanager__19" time="0.001" classname="org.softlang.model.Department_JML_Test"/>
  <testcase name="test_getName__0" time="0.000" classname="org.softlang.model.Department_JML_Test"/>
  <testcase name="test_setName__String_pname__10" time="0.000" classname="org.softlang.model.Department_JML_Test"/>
  <testcase name="test_getManager__0" time="0.000" classname="org.softlang.model.Department_JML_Test"/>
  <testcase name="test_total__0" time="0.001" classname="org.softlang.model.Department_JML_Test">
    <failure type="org.testng.TestException" message="
null">
      <![CDATA[org.testng.TestException: 
null
	at org.softlang.model.Department_JML_Test.test_total__0(Department_JML_Test.java:456)
	at sun.reflect.NativeMethodAccessorImpl.invoke0(Native Method)
	at sun.reflect.NativeMethodAccessorImpl.invoke(NativeMethodAccessorImpl.java:57)
	at sun.reflect.DelegatingMethodAccessorImpl.invoke(DelegatingMethodAccessorImpl.java:43)
	at java.lang.reflect.Method.invoke(Method.java:601)
	at org.testng.internal.MethodInvocationHelper.invokeMethod(MethodInvocationHelper.java:80)
	at org.testng.internal.Invoker.invokeMethod(Invoker.java:715)
	at org.testng.internal.Invoker.invokeTestMethod(Invoker.java:907)
	at org.testng.internal.Invoker.invokeTestMethods(Invoker.java:1237)
	at org.testng.internal.TestMethodWorker.invokeTestMethods(TestMethodWorker.java:127)
	at org.testng.internal.TestMethodWorker.run(TestMethodWorker.java:111)
	at org.testng.TestRunner.privateRun(TestRunner.java:767)
	at org.testng.TestRunner.run(TestRunner.java:617)
	at org.testng.SuiteRunner.runTest(SuiteRunner.java:334)
	at org.testng.SuiteRunner.runSequentially(SuiteRunner.java:329)
	at org.testng.SuiteRunner.privateRun(SuiteRunner.java:291)
	at org.testng.SuiteRunner.run(SuiteRunner.java:240)
	at org.testng.SuiteRunnerWorker.runSuite(SuiteRunnerWorker.java:51)
	at org.testng.SuiteRunnerWorker.run(SuiteRunnerWorker.java:85)
	at org.testng.TestNG.runSuitesSequentially(TestNG.java:1197)
	at org.testng.TestNG.runSuitesLocally(TestNG.java:1122)
	at org.testng.TestNG.run(TestNG.java:1030)
	at org.testng.TestNG.privateMain(TestNG.java:1337)
	at org.testng.TestNG.main(TestNG.java:1306)
]]>
    </failure>
  </testcase> <!-- test_total__0 -->
  <testcase name="test_addEmployee__Employee_employee__19" time="0.001" classname="org.softlang.model.Department_JML_Test"/>
  <testcase name="test_getName__0" time="0.001" classname="org.softlang.model.Department_JML_Test"/>
  <testcase name="test_cut__0" time="0.001" classname="org.softlang.model.Department_JML_Test"/>
  <testcase name="test_getName__0" time="0.001" classname="org.softlang.model.Department_JML_Test"/>
  <testcase name="test_addDept__Department_department__19" time="0.001" classname="org.softlang.model.Department_JML_Test"/>
  <testcase name="test_total__0" time="0.001" classname="org.softlang.model.Department_JML_Test">
    <failure type="org.testng.TestException" message="
null">
      <![CDATA[org.testng.TestException: 
null
	at org.softlang.model.Department_JML_Test.test_total__0(Department_JML_Test.java:456)
	at sun.reflect.NativeMethodAccessorImpl.invoke0(Native Method)
	at sun.reflect.NativeMethodAccessorImpl.invoke(NativeMethodAccessorImpl.java:57)
	at sun.reflect.DelegatingMethodAccessorImpl.invoke(DelegatingMethodAccessorImpl.java:43)
	at java.lang.reflect.Method.invoke(Method.java:601)
	at org.testng.internal.MethodInvocationHelper.invokeMethod(MethodInvocationHelper.java:80)
	at org.testng.internal.Invoker.invokeMethod(Invoker.java:715)
	at org.testng.internal.Invoker.invokeTestMethod(Invoker.java:907)
	at org.testng.internal.Invoker.invokeTestMethods(Invoker.java:1237)
	at org.testng.internal.TestMethodWorker.invokeTestMethods(TestMethodWorker.java:127)
	at org.testng.internal.TestMethodWorker.run(TestMethodWorker.java:111)
	at org.testng.TestRunner.privateRun(TestRunner.java:767)
	at org.testng.TestRunner.run(TestRunner.java:617)
	at org.testng.SuiteRunner.runTest(SuiteRunner.java:334)
	at org.testng.SuiteRunner.runSequentially(SuiteRunner.java:329)
	at org.testng.SuiteRunner.privateRun(SuiteRunner.java:291)
	at org.testng.SuiteRunner.run(SuiteRunner.java:240)
	at org.testng.SuiteRunnerWorker.runSuite(SuiteRunnerWorker.java:51)
	at org.testng.SuiteRunnerWorker.run(SuiteRunnerWorker.java:85)
	at org.testng.TestNG.runSuitesSequentially(TestNG.java:1197)
	at org.testng.TestNG.runSuitesLocally(TestNG.java:1122)
	at org.testng.TestNG.run(TestNG.java:1030)
	at org.testng.TestNG.privateMain(TestNG.java:1337)
	at org.testng.TestNG.main(TestNG.java:1306)
]]>
    </failure>
  </testcase> <!-- test_total__0 -->
  <testcase name="test_setManager__Employee_pmanager__19" time="0.001" classname="org.softlang.model.Department_JML_Test"/>
  <testcase name="test_addEmployee__Employee_employee__19" time="0.001" classname="org.softlang.model.Department_JML_Test"/>
  <testcase name="test_setName__String_pname__10" time="0.001" classname="org.softlang.model.Department_JML_Test"/>
  <testcase name="test_addDept__Department_department__19" time="0.001" classname="org.softlang.model.Department_JML_Test"/>
  <testcase name="test_setName__String_pname__10" time="0.000" classname="org.softlang.model.Department_JML_Test"/>
  <testcase name="test_getManager__0" time="0.000" classname="org.softlang.model.Department_JML_Test"/>
  <testcase name="test_setManager__Employee_pmanager__19" time="0.001" classname="org.softlang.model.Department_JML_Test"/>
  <testcase name="test_total__0" time="0.001" classname="org.softlang.model.Department_JML_Test"/>
  <testcase name="test_setName__String_pname__10" time="0.000" classname="org.softlang.model.Department_JML_Test"/>
</testsuite> <!-- org.softlang.model.Department_JML_Test -->
